<?xml version="1.0" encoding="UTF-8"?>
<testsuite name="tourGuide.eureka.server.ApplicationTests" tests="1" skipped="0" failures="0" errors="0" timestamp="2022-01-20T16:53:01" hostname="fedora" time="0.152">
  <properties/>
  <testcase name="contextLoads()" classname="tourGuide.eureka.server.ApplicationTests" time="0.152"/>
  <system-out><![CDATA[17:52:58.235 [Test worker] DEBUG org.springframework.test.context.BootstrapUtils - Instantiating CacheAwareContextLoaderDelegate from class [org.springframework.test.context.cache.DefaultCacheAwareContextLoaderDelegate]
17:52:58.243 [Test worker] DEBUG org.springframework.test.context.BootstrapUtils - Instantiating BootstrapContext using constructor [public org.springframework.test.context.support.DefaultBootstrapContext(java.lang.Class,org.springframework.test.context.CacheAwareContextLoaderDelegate)]
17:52:58.266 [Test worker] DEBUG org.springframework.test.context.BootstrapUtils - Instantiating TestContextBootstrapper for test class [tourGuide.eureka.server.ApplicationTests] from class [org.springframework.boot.test.context.SpringBootTestContextBootstrapper]
17:52:58.273 [Test worker] INFO org.springframework.boot.test.context.SpringBootTestContextBootstrapper - Neither @ContextConfiguration nor @ContextHierarchy found for test class [tourGuide.eureka.server.ApplicationTests], using SpringBootContextLoader
17:52:58.275 [Test worker] DEBUG org.springframework.test.context.support.AbstractContextLoader - Did not detect default resource location for test class [tourGuide.eureka.server.ApplicationTests]: class path resource [tourGuide/eureka/server/ApplicationTests-context.xml] does not exist
17:52:58.275 [Test worker] DEBUG org.springframework.test.context.support.AbstractContextLoader - Did not detect default resource location for test class [tourGuide.eureka.server.ApplicationTests]: class path resource [tourGuide/eureka/server/ApplicationTestsContext.groovy] does not exist
17:52:58.275 [Test worker] INFO org.springframework.test.context.support.AbstractContextLoader - Could not detect default resource locations for test class [tourGuide.eureka.server.ApplicationTests]: no resource found for suffixes {-context.xml, Context.groovy}.
17:52:58.276 [Test worker] INFO org.springframework.test.context.support.AnnotationConfigContextLoaderUtils - Could not detect default configuration classes for test class [tourGuide.eureka.server.ApplicationTests]: ApplicationTests does not declare any static, non-private, non-final, nested classes annotated with @Configuration.
17:52:58.302 [Test worker] DEBUG org.springframework.test.context.support.ActiveProfilesUtils - Could not find an 'annotation declaring class' for annotation type [org.springframework.test.context.ActiveProfiles] and class [tourGuide.eureka.server.ApplicationTests]
17:52:58.339 [Test worker] DEBUG org.springframework.context.annotation.ClassPathScanningCandidateComponentProvider - Identified candidate component class: file [/home/alex/IdeaProjects/TripMaster_TourGuide/eureka/build/classes/java/main/tourGuide/eureka/server/Application.class]
17:52:58.340 [Test worker] INFO org.springframework.boot.test.context.SpringBootTestContextBootstrapper - Found @SpringBootConfiguration tourGuide.eureka.server.Application for test class tourGuide.eureka.server.ApplicationTests
17:52:58.411 [Test worker] DEBUG org.springframework.boot.test.context.SpringBootTestContextBootstrapper - @TestExecutionListeners is not present for class [tourGuide.eureka.server.ApplicationTests]: using defaults.
17:52:58.411 [Test worker] INFO org.springframework.boot.test.context.SpringBootTestContextBootstrapper - Loaded default TestExecutionListener class names from location [META-INF/spring.factories]: [org.springframework.boot.test.autoconfigure.restdocs.RestDocsTestExecutionListener, org.springframework.boot.test.autoconfigure.web.client.MockRestServiceServerResetTestExecutionListener, org.springframework.boot.test.autoconfigure.web.servlet.MockMvcPrintOnlyOnFailureTestExecutionListener, org.springframework.boot.test.autoconfigure.web.servlet.WebDriverTestExecutionListener, org.springframework.boot.test.autoconfigure.webservices.client.MockWebServiceServerTestExecutionListener, org.springframework.boot.test.mock.mockito.MockitoTestExecutionListener, org.springframework.boot.test.mock.mockito.ResetMocksTestExecutionListener, org.springframework.test.context.web.ServletTestExecutionListener, org.springframework.test.context.support.DirtiesContextBeforeModesTestExecutionListener, org.springframework.test.context.event.ApplicationEventsTestExecutionListener, org.springframework.test.context.support.DependencyInjectionTestExecutionListener, org.springframework.test.context.support.DirtiesContextTestExecutionListener, org.springframework.test.context.transaction.TransactionalTestExecutionListener, org.springframework.test.context.jdbc.SqlScriptsTestExecutionListener, org.springframework.test.context.event.EventPublishingTestExecutionListener]
17:52:58.417 [Test worker] DEBUG org.springframework.boot.test.context.SpringBootTestContextBootstrapper - Skipping candidate TestExecutionListener [org.springframework.test.context.transaction.TransactionalTestExecutionListener] due to a missing dependency. Specify custom listener classes or make the default listener classes and their required dependencies available. Offending class: [org/springframework/transaction/TransactionDefinition]
17:52:58.418 [Test worker] DEBUG org.springframework.boot.test.context.SpringBootTestContextBootstrapper - Skipping candidate TestExecutionListener [org.springframework.test.context.jdbc.SqlScriptsTestExecutionListener] due to a missing dependency. Specify custom listener classes or make the default listener classes and their required dependencies available. Offending class: [org/springframework/transaction/interceptor/TransactionAttribute]
17:52:58.418 [Test worker] INFO org.springframework.boot.test.context.SpringBootTestContextBootstrapper - Using TestExecutionListeners: [org.springframework.test.context.web.ServletTestExecutionListener@1fde5d22, org.springframework.test.context.support.DirtiesContextBeforeModesTestExecutionListener@5dcb4f5f, org.springframework.test.context.event.ApplicationEventsTestExecutionListener@71812481, org.springframework.boot.test.mock.mockito.MockitoTestExecutionListener@16ce702d, org.springframework.boot.test.autoconfigure.SpringBootDependencyInjectionTestExecutionListener@7b94089b, org.springframework.test.context.support.DirtiesContextTestExecutionListener@7ca20101, org.springframework.test.context.event.EventPublishingTestExecutionListener@47f9738, org.springframework.boot.test.autoconfigure.restdocs.RestDocsTestExecutionListener@6155d082, org.springframework.boot.test.autoconfigure.web.client.MockRestServiceServerResetTestExecutionListener@3a5ecce3, org.springframework.boot.test.autoconfigure.web.servlet.MockMvcPrintOnlyOnFailureTestExecutionListener@561868a0, org.springframework.boot.test.autoconfigure.web.servlet.WebDriverTestExecutionListener@2ea6e30c, org.springframework.boot.test.autoconfigure.webservices.client.MockWebServiceServerTestExecutionListener@6138e79a, org.springframework.boot.test.mock.mockito.ResetMocksTestExecutionListener@2dcd168a]
17:52:58.421 [Test worker] DEBUG org.springframework.test.context.support.AbstractDirtiesContextTestExecutionListener - Before test class: context [DefaultTestContext@6a55299e testClass = ApplicationTests, testInstance = [null], testMethod = [null], testException = [null], mergedContextConfiguration = [WebMergedContextConfiguration@2f1de2d6 testClass = ApplicationTests, locations = '{}', classes = '{class tourGuide.eureka.server.Application}', contextInitializerClasses = '[]', activeProfiles = '{}', propertySourceLocations = '{}', propertySourceProperties = '{org.springframework.boot.test.context.SpringBootTestContextBootstrapper=true}', contextCustomizers = set[org.springframework.boot.test.autoconfigure.actuate.metrics.MetricsExportContextCustomizerFactory$DisableMetricExportContextCustomizer@2767e23c, org.springframework.boot.test.autoconfigure.properties.PropertyMappingContextCustomizer@0, org.springframework.boot.test.autoconfigure.web.servlet.WebDriverContextCustomizerFactory$Customizer@59402b8f, org.springframework.boot.test.context.filter.ExcludeFilterContextCustomizer@1033576a, org.springframework.boot.test.json.DuplicateJsonObjectContextCustomizerFactory$DuplicateJsonObjectContextCustomizer@4a003cbe, org.springframework.boot.test.mock.mockito.MockitoContextCustomizer@0, org.springframework.boot.test.web.client.TestRestTemplateContextCustomizer@52f27fbd, org.springframework.boot.test.context.SpringBootTestArgs@1, org.springframework.boot.test.context.SpringBootTestWebEnvironment@12b0404f], resourceBasePath = 'src/main/webapp', contextLoader = 'org.springframework.boot.test.context.SpringBootContextLoader', parent = [null]], attributes = map['org.springframework.test.context.web.ServletTestExecutionListener.activateListener' -> true]], class annotated with @DirtiesContext [false] with mode [null].
17:52:58.444 [Test worker] DEBUG org.springframework.boot.ApplicationServletEnvironment - Activating profiles []
17:52:58.445 [Test worker] DEBUG org.springframework.test.context.support.TestPropertySourceUtils - Adding inlined properties to environment: {spring.jmx.enabled=false, org.springframework.boot.test.context.SpringBootTestContextBootstrapper=true}

  .   ____          _            __ _ _
 /\\ / ___'_ __ _ _(_)_ __  __ _ \ \ \ \
( ( )\___ | '_ | '_| | '_ \/ _` | \ \ \ \
 \\/  ___)| |_)| | | | | || (_| |  ) ) ) )
  '  |____| .__|_| |_|_| |_\__, | / / / /
 =========|_|==============|___/=/_/_/_/
 :: Spring Boot ::                (v2.6.2)

2022-01-20 17:52:58.632  INFO 55290 --- [    Test worker] t.eureka.server.ApplicationTests         : Starting ApplicationTests using Java 1.8.0_312 on fedora with PID 55290 (started by alex in /home/alex/IdeaProjects/TripMaster_TourGuide/eureka)
2022-01-20 17:52:58.633  INFO 55290 --- [    Test worker] t.eureka.server.ApplicationTests         : No active profile set, falling back to default profiles: default
2022-01-20 17:52:59.380  INFO 55290 --- [    Test worker] o.s.cloud.context.scope.GenericScope     : BeanFactory id=d1c3871c-ee5d-365e-bfbe-0a160ddbc2c2
2022-01-20 17:53:00.438  INFO 55290 --- [    Test worker] DiscoveryClientOptionalArgsConfiguration : Eureka HTTP Client uses Jersey
2022-01-20 17:53:00.521  WARN 55290 --- [    Test worker] iguration$LoadBalancerCaffeineWarnLogger : Spring Cloud LoadBalancer is currently working with the default cache. You can switch to using Caffeine cache, by adding it and org.springframework.cache.caffeine.CaffeineCacheManager to the classpath.
2022-01-20 17:53:00.624  INFO 55290 --- [    Test worker] o.s.c.n.eureka.InstanceInfoFactory       : Setting initial instance status as: STARTING
2022-01-20 17:53:00.659  INFO 55290 --- [    Test worker] com.netflix.discovery.DiscoveryClient    : Initializing Eureka in region us-east-1
2022-01-20 17:53:00.660  INFO 55290 --- [    Test worker] com.netflix.discovery.DiscoveryClient    : Client configured to neither register nor query for data.
2022-01-20 17:53:00.668  INFO 55290 --- [    Test worker] com.netflix.discovery.DiscoveryClient    : Discovery Client initialized at timestamp 1642697580667 with initial instances count: 0
2022-01-20 17:53:00.710  INFO 55290 --- [    Test worker] c.n.eureka.DefaultEurekaServerContext    : Initializing ...
2022-01-20 17:53:00.712  INFO 55290 --- [    Test worker] c.n.eureka.cluster.PeerEurekaNodes       : Adding new peer nodes [http://localhost:9100/eureka/]
2022-01-20 17:53:00.838  INFO 55290 --- [    Test worker] c.n.d.provider.DiscoveryJerseyProvider   : Using JSON encoding codec LegacyJacksonJson
2022-01-20 17:53:00.839  INFO 55290 --- [    Test worker] c.n.d.provider.DiscoveryJerseyProvider   : Using JSON decoding codec LegacyJacksonJson
2022-01-20 17:53:00.839  INFO 55290 --- [    Test worker] c.n.d.provider.DiscoveryJerseyProvider   : Using XML encoding codec XStreamXml
2022-01-20 17:53:00.839  INFO 55290 --- [    Test worker] c.n.d.provider.DiscoveryJerseyProvider   : Using XML decoding codec XStreamXml
2022-01-20 17:53:00.949  INFO 55290 --- [    Test worker] c.n.eureka.cluster.PeerEurekaNodes       : Replica node URL:  http://localhost:9100/eureka/
2022-01-20 17:53:00.954  INFO 55290 --- [    Test worker] c.n.e.registry.AbstractInstanceRegistry  : Finished initializing remote region registries. All known remote regions: []
2022-01-20 17:53:00.955  INFO 55290 --- [    Test worker] c.n.eureka.DefaultEurekaServerContext    : Initialized
2022-01-20 17:53:01.017  INFO 55290 --- [    Test worker] o.s.b.a.e.web.EndpointLinksResolver      : Exposing 1 endpoint(s) beneath base path '/actuator'
2022-01-20 17:53:01.055  INFO 55290 --- [    Test worker] o.s.c.n.e.s.EurekaServiceRegistry        : Registering application EUREKA with eureka with status UP
2022-01-20 17:53:01.057  INFO 55290 --- [      Thread-13] o.s.c.n.e.server.EurekaServerBootstrap   : Setting the eureka configuration..
2022-01-20 17:53:01.064  INFO 55290 --- [      Thread-13] o.s.c.n.e.server.EurekaServerBootstrap   : isAws returned false
2022-01-20 17:53:01.064  INFO 55290 --- [      Thread-13] o.s.c.n.e.server.EurekaServerBootstrap   : Initialized server context
2022-01-20 17:53:01.064  INFO 55290 --- [      Thread-13] c.n.e.r.PeerAwareInstanceRegistryImpl    : Got 1 instances from neighboring DS node
2022-01-20 17:53:01.064  INFO 55290 --- [      Thread-13] c.n.e.r.PeerAwareInstanceRegistryImpl    : Renew threshold is: 1
2022-01-20 17:53:01.064  INFO 55290 --- [      Thread-13] c.n.e.r.PeerAwareInstanceRegistryImpl    : Changing status to UP
2022-01-20 17:53:01.070  INFO 55290 --- [      Thread-13] e.s.EurekaServerInitializerConfiguration : Started Eureka Server
2022-01-20 17:53:01.072  INFO 55290 --- [    Test worker] t.eureka.server.ApplicationTests         : Started ApplicationTests in 2.626 seconds (JVM running for 3.401)
]]></system-out>
  <system-err><![CDATA[]]></system-err>
</testsuite>
